2024-07-27T01:26:11.469+03:30  INFO 7136 --- [reception_query_ms] [main] c.r.r.ReceptionQueryMsApplication        : Starting ReceptionQueryMsApplication using Java 17.0.7 with PID 7136 (E:\HIS\reception_management\reception_query_ms\target\classes started by Venos46131105 in E:\HIS\reception_management)
2024-07-27T01:26:11.478+03:30  INFO 7136 --- [reception_query_ms] [main] c.r.r.ReceptionQueryMsApplication        : No active profile set, falling back to 1 default profile: "default"
2024-07-27T01:26:11.647+03:30  WARN 7136 --- [reception_query_ms] [main] o.s.c.annotation.AnnotationTypeMapping   : Support for convention-based annotation attribute overrides is deprecated and will be removed in Spring Framework 6.2. Please annotate the following attributes in @org.axonframework.eventhandling.EventHandler with appropriate @AliasFor declarations: [payloadType]
2024-07-27T01:26:11.651+03:30  WARN 7136 --- [reception_query_ms] [main] o.s.c.annotation.AnnotationTypeMapping   : Support for convention-based annotation attribute overrides is deprecated and will be removed in Spring Framework 6.2. Please annotate the following attributes in @org.axonframework.messaging.interceptors.ExceptionHandler with appropriate @AliasFor declarations: [messageType, payloadType]
2024-07-27T01:26:11.652+03:30  WARN 7136 --- [reception_query_ms] [main] o.s.c.annotation.AnnotationTypeMapping   : Support for convention-based annotation attribute overrides is deprecated and will be removed in Spring Framework 6.2. Please annotate the following attributes in @org.axonframework.messaging.interceptors.ExceptionHandler with appropriate @AliasFor declarations: [resultType]
2024-07-27T01:26:11.652+03:30  WARN 7136 --- [reception_query_ms] [main] o.s.c.annotation.AnnotationTypeMapping   : Support for convention-based annotation attribute overrides is deprecated and will be removed in Spring Framework 6.2. Please annotate the following attributes in @org.axonframework.messaging.interceptors.ExceptionHandler with appropriate @AliasFor declarations: [messageType, payloadType]
2024-07-27T01:26:11.937+03:30  INFO 7136 --- [reception_query_ms] [main] .s.d.r.c.RepositoryConfigurationDelegate : Bootstrapping Spring Data JPA repositories in DEFAULT mode.
2024-07-27T01:26:11.987+03:30  INFO 7136 --- [reception_query_ms] [main] .s.d.r.c.RepositoryConfigurationDelegate : Finished Spring Data repository scanning in 43 ms. Found 1 JPA repository interface.
2024-07-27T01:26:12.925+03:30  INFO 7136 --- [reception_query_ms] [main] o.s.b.w.embedded.tomcat.TomcatWebServer  : Tomcat initialized with port 8085 (http)
2024-07-27T01:26:12.935+03:30  INFO 7136 --- [reception_query_ms] [main] o.apache.catalina.core.StandardService   : Starting service [Tomcat]
2024-07-27T01:26:12.936+03:30  INFO 7136 --- [reception_query_ms] [main] o.apache.catalina.core.StandardEngine    : Starting Servlet engine: [Apache Tomcat/10.1.18]
2024-07-27T01:26:13.005+03:30  INFO 7136 --- [reception_query_ms] [main] o.a.c.c.C.[Tomcat].[localhost].[/]       : Initializing Spring embedded WebApplicationContext
2024-07-27T01:26:13.006+03:30  INFO 7136 --- [reception_query_ms] [main] w.s.c.ServletWebServerApplicationContext : Root WebApplicationContext: initialization completed in 1464 ms
2024-07-27T01:26:13.144+03:30  INFO 7136 --- [reception_query_ms] [main] o.hibernate.jpa.internal.util.LogHelper  : HHH000204: Processing PersistenceUnitInfo [name: default]
2024-07-27T01:26:13.197+03:30  INFO 7136 --- [reception_query_ms] [main] org.hibernate.Version                    : HHH000412: Hibernate ORM core version 6.4.1.Final
2024-07-27T01:26:13.231+03:30  INFO 7136 --- [reception_query_ms] [main] o.h.c.internal.RegionFactoryInitiator    : HHH000026: Second-level cache disabled
2024-07-27T01:26:13.419+03:30  INFO 7136 --- [reception_query_ms] [main] o.s.o.j.p.SpringPersistenceUnitInfo      : No LoadTimeWeaver setup: ignoring JPA class transformer
2024-07-27T01:26:13.442+03:30  INFO 7136 --- [reception_query_ms] [main] com.zaxxer.hikari.HikariDataSource       : HikariPool-1 - Starting...
2024-07-27T01:26:13.705+03:30  INFO 7136 --- [reception_query_ms] [main] com.zaxxer.hikari.pool.HikariPool        : HikariPool-1 - Added connection com.mysql.cj.jdbc.ConnectionImpl@1a139347
2024-07-27T01:26:13.707+03:30  INFO 7136 --- [reception_query_ms] [main] com.zaxxer.hikari.HikariDataSource       : HikariPool-1 - Start completed.
2024-07-27T01:26:13.741+03:30  WARN 7136 --- [reception_query_ms] [main] org.hibernate.orm.deprecation            : HHH90000025: MySQL8Dialect does not need to be specified explicitly using 'hibernate.dialect' (remove the property setting and it will be selected by default)
2024-07-27T01:26:13.742+03:30  WARN 7136 --- [reception_query_ms] [main] org.hibernate.orm.deprecation            : HHH90000026: MySQL8Dialect has been deprecated; use org.hibernate.dialect.MySQLDialect instead
2024-07-27T01:26:14.607+03:30  INFO 7136 --- [reception_query_ms] [main] o.h.e.t.j.p.i.JtaPlatformInitiator       : HHH000489: No JTA platform available (set 'hibernate.transaction.jta.platform' to enable JTA platform integration)
2024-07-27T01:26:14.675+03:30  INFO 7136 --- [reception_query_ms] [main] j.LocalContainerEntityManagerFactoryBean : Initialized JPA EntityManagerFactory for persistence unit 'default'
2024-07-27T01:26:14.846+03:30  INFO 7136 --- [reception_query_ms] [main] o.a.config.AxonIQConsoleModule           : 
################################################################################################
## You have not configured AxonIQ Console. AxonIQ Console provides out-of-the box monitoring  ##
## and management capabilities for your Axon Application, starting with it is free.           ##
## Visit https://console.axoniq.io for more information!                                      ##
## Suppress this message by setting system property disable-axoniq-console-message to true.   ##
################################################################################################

2024-07-27T01:26:15.126+03:30  INFO 7136 --- [reception_query_ms] [main] o.s.d.j.r.query.QueryEnhancerFactory     : Hibernate is in classpath; If applicable, HQL parser will be used.
2024-07-27T01:26:15.427+03:30  WARN 7136 --- [reception_query_ms] [main] JpaBaseConfiguration$JpaWebConfiguration : spring.jpa.open-in-view is enabled by default. Therefore, database queries may be performed during view rendering. Explicitly configure spring.jpa.open-in-view to disable this warning
2024-07-27T01:26:15.768+03:30  INFO 7136 --- [reception_query_ms] [main] o.s.b.w.embedded.tomcat.TomcatWebServer  : Tomcat started on port 8085 (http) with context path ''
2024-07-27T01:26:16.053+03:30  INFO 7136 --- [reception_query_ms] [main] i.a.a.c.impl.AxonServerManagedChannel    : Requesting connection details from localhost:8124
2024-07-27T01:26:16.305+03:30  INFO 7136 --- [reception_query_ms] [main] i.a.a.c.impl.AxonServerManagedChannel    : Successfully connected to localhost:8124
2024-07-27T01:26:16.315+03:30  INFO 7136 --- [reception_query_ms] [main] i.a.a.connector.impl.ControlChannelImpl  : Connected instruction stream for context 'default'. Sending client identification
2024-07-27T01:26:16.342+03:30  INFO 7136 --- [reception_query_ms] [main] i.a.a.c.query.impl.QueryChannelImpl      : QueryChannel for context 'default' connected, 0 registrations resubscribed
2024-07-27T01:26:16.349+03:30  INFO 7136 --- [reception_query_ms] [main] i.a.a.c.query.impl.QueryChannelImpl      : Registered handler for query 'com.reception_management.reception_core.queries.FindReceptionByReceptionIdQuery : com.reception_management.reception_core.responeObj.ReceptionResponse' in context 'default'
2024-07-27T01:26:16.352+03:30  INFO 7136 --- [reception_query_ms] [main] i.a.a.c.query.impl.QueryChannelImpl      : Registered handler for query 'com.reception_management.reception_core.queries.FindReceptionsByDoctorIdQuery : com.reception_management.reception_core.responeObj.ReceptionsResponse' in context 'default'
2024-07-27T01:26:16.488+03:30  INFO 7136 --- [reception_query_ms] [EventProcessor[reception-group]-0] o.a.e.TrackingEventProcessor             : Worker assigned to segment Segment[0/0] for processing
2024-07-27T01:26:16.522+03:30  INFO 7136 --- [reception_query_ms] [main] c.r.r.ReceptionQueryMsApplication        : Started ReceptionQueryMsApplication in 5.514 seconds (process running for 6.009)
2024-07-27T01:26:16.530+03:30  INFO 7136 --- [reception_query_ms] [EventProcessor[reception-group]-0] o.a.e.TrackingEventProcessor             : Using current Thread for last segment worker: TrackingSegmentWorker{processor=reception-group, segment=Segment[0/0]}
2024-07-27T01:26:16.552+03:30  INFO 7136 --- [reception_query_ms] [EventProcessor[reception-group]-0] o.a.e.TrackingEventProcessor             : Fetched token: IndexTrackingToken{globalIndex=98} for segment: Segment[0/0]
2024-07-27T01:29:03.817+03:30  INFO 7136 --- [reception_query_ms] [EventProcessor[reception-group]-0] c.r.r.handler.ReceptionCmdHandlerImpl    : on(NewReceptionCreatedEvent event) -> received event: NewReceptionCreatedEvent(id=mKQlcdXnRHeh, reception=Reception(receptionId=mKQlcdXnRHeh, patientId=4zciHA3P0zxo, emergency=false, visitStatus=Not Seen, doctorId=doctor2, dateOfReception=2024-07-27, comment=null, vitalSign=VitalSign(vitalSignId=null, systolic=14.0, diastolic=8.0, temperature=37.0, bloodOxygen=99.0)))
2024-07-27T01:29:03.892+03:30  INFO 7136 --- [reception_query_ms] [EventProcessor[reception-group]-0] c.r.r.handler.ReceptionCmdHandlerImpl    : on(NewReceptionCreatedEvent event) -> reception saved: Reception(receptionId=mKQlcdXnRHeh, patientId=4zciHA3P0zxo, emergency=false, visitStatus=Not Seen, doctorId=doctor2, dateOfReception=2024-07-27, comment=null, vitalSign=VitalSign(vitalSignId=602, systolic=14.0, diastolic=8.0, temperature=37.0, bloodOxygen=99.0))
2024-07-27T01:34:31.473+03:30  INFO 7136 --- [reception_query_ms] [SpringApplicationShutdownHook] o.a.e.TrackingEventProcessor             : Shutdown state set for Processor 'reception-group'.
2024-07-27T01:34:31.473+03:30  INFO 7136 --- [reception_query_ms] [SpringApplicationShutdownHook] o.a.e.TrackingEventProcessor             : Processor 'reception-group' awaiting termination...
2024-07-27T01:34:31.956+03:30  INFO 7136 --- [reception_query_ms] [EventProcessor[reception-group]-0] o.a.e.TrackingEventProcessor             : Released claim
2024-07-27T01:34:31.956+03:30  INFO 7136 --- [reception_query_ms] [EventProcessor[reception-group]-0] o.a.e.TrackingEventProcessor             : Worker for segment Segment[0/0] stopped.
2024-07-27T01:34:32.838+03:30  INFO 7136 --- [reception_query_ms] [SpringApplicationShutdownHook] j.LocalContainerEntityManagerFactoryBean : Closing JPA EntityManagerFactory for persistence unit 'default'
2024-07-27T01:34:32.841+03:30  INFO 7136 --- [reception_query_ms] [SpringApplicationShutdownHook] com.zaxxer.hikari.HikariDataSource       : HikariPool-1 - Shutdown initiated...
2024-07-27T01:34:32.857+03:30  INFO 7136 --- [reception_query_ms] [SpringApplicationShutdownHook] com.zaxxer.hikari.HikariDataSource       : HikariPool-1 - Shutdown completed.
